24-09-24.14:44:09.924 [main            ] INFO  Application            - Starting Application using Java 1.8.0_212 on WINDOWS-MAG7GS7 with PID 14676 (G:\DEVPROJECTS\JAVAPROJECTS\chatglm-data\chatglm-data-app\target\classes started by fff_zombie in G:\DEVPROJECTS\JAVAPROJECTS\chatglm-data)
24-09-24.14:44:09.926 [main            ] INFO  Application            - The following 1 profile is active: "dev"
24-09-24.14:44:11.597 [main            ] INFO  TomcatWebServer        - Tomcat initialized with port(s): 80 (http)
24-09-24.14:44:11.604 [main            ] INFO  Http11NioProtocol      - Initializing ProtocolHandler ["http-nio-80"]
24-09-24.14:44:11.604 [main            ] INFO  StandardService        - Starting service [Tomcat]
24-09-24.14:44:11.604 [main            ] INFO  StandardEngine         - Starting Servlet engine: [Apache Tomcat/9.0.75]
24-09-24.14:44:11.893 [main            ] INFO  [/]                    - Initializing Spring embedded WebApplicationContext
24-09-24.14:44:11.893 [main            ] INFO  ServletWebServerApplicationContext - Root WebApplicationContext: initialization completed in 1861 ms
24-09-24.14:44:12.673 [main            ] INFO  Http11NioProtocol      - Starting ProtocolHandler ["http-nio-80"]
24-09-24.14:44:12.710 [main            ] INFO  TomcatWebServer        - Tomcat started on port(s): 80 (http) with context path ''
24-09-24.14:44:12.716 [main            ] INFO  Application            - Started Application in 3.471 seconds (JVM running for 7.1)
24-09-24.14:44:47.443 [http-nio-80-exec-1] INFO  [/]                    - Initializing Spring DispatcherServlet 'dispatcherServlet'
24-09-24.14:44:47.444 [http-nio-80-exec-1] INFO  DispatcherServlet      - Initializing Servlet 'dispatcherServlet'
24-09-24.14:44:47.444 [http-nio-80-exec-1] INFO  DispatcherServlet      - Completed initialization in 0 ms
24-09-24.14:44:47.503 [http-nio-80-exec-1] INFO  AuthController         - 鉴权登录校验开始，验证码: 4444
24-09-24.14:44:47.521 [http-nio-80-exec-1] INFO  AuthService            - 鉴权，用户输入的验证码不存在 4444
24-09-24.15:29:51.972 [main            ] INFO  Application            - Starting Application using Java 1.8.0_212 on WINDOWS-MAG7GS7 with PID 1628 (G:\DEVPROJECTS\JAVAPROJECTS\chatglm-data\chatglm-data-app\target\classes started by fff_zombie in G:\DEVPROJECTS\JAVAPROJECTS\chatglm-data)
24-09-24.15:29:51.974 [main            ] INFO  Application            - The following 1 profile is active: "dev"
24-09-24.15:29:54.226 [main            ] INFO  TomcatWebServer        - Tomcat initialized with port(s): 80 (http)
24-09-24.15:29:54.234 [main            ] INFO  Http11NioProtocol      - Initializing ProtocolHandler ["http-nio-80"]
24-09-24.15:29:54.234 [main            ] INFO  StandardService        - Starting service [Tomcat]
24-09-24.15:29:54.234 [main            ] INFO  StandardEngine         - Starting Servlet engine: [Apache Tomcat/9.0.75]
24-09-24.15:29:54.386 [main            ] INFO  [/]                    - Initializing Spring embedded WebApplicationContext
24-09-24.15:29:54.386 [main            ] INFO  ServletWebServerApplicationContext - Root WebApplicationContext: initialization completed in 2269 ms
24-09-24.15:29:55.137 [main            ] INFO  Http11NioProtocol      - Starting ProtocolHandler ["http-nio-80"]
24-09-24.15:29:55.164 [main            ] INFO  TomcatWebServer        - Tomcat started on port(s): 80 (http) with context path ''
24-09-24.15:29:55.174 [main            ] INFO  Application            - Started Application in 3.901 seconds (JVM running for 5.674)
